<?xml version="1.0" encoding="UTF-8" ?>
<testsuite tests="6" failures="0" name="org.jboss.quickstarts.wfk.booking.BookingRestServiceTest" time="0.103" errors="0" skipped="0">
  <properties>
[...]
</properties>
  <testcase classname="org.jboss.quickstarts.wfk.booking.BookingRestServiceTest" name="testRegisterBooking" time="0.056"/>
  <testcase classname="org.jboss.quickstarts.wfk.booking.BookingRestServiceTest" name="testInvalidRegister" time="0.01"/>
  <testcase classname="org.jboss.quickstarts.wfk.booking.BookingRestServiceTest" name="testDuplicateBooking" time="0.01"/>
  <testcase classname="org.jboss.quickstarts.wfk.booking.BookingRestServiceTest" name="testFindBooking" time="0.012"/>
  <testcase classname="org.jboss.quickstarts.wfk.booking.BookingRestServiceTest" name="testFindAllTaxis" time="0.005"/>
  <testcase classname="org.jboss.quickstarts.wfk.booking.BookingRestServiceTest" name="testDeleteBooking" time="0.01"/>
</testsuite>